<?xml version="1.0" encoding="UTF-8"?>
<testsuite name="com.amaap.trainthetroop.repository.impl.InMemoryTrooperRepositoryTest" tests="2" skipped="0" failures="0" errors="0" timestamp="2024-05-18T10:03:51" hostname="DESKTOP-GUO1275" time="0.612">
  <properties/>
  <testcase name="shouldBeAbleToGetTroopersOfSpecifiedCount()" classname="com.amaap.trainthetroop.repository.impl.InMemoryTrooperRepositoryTest" time="0.597"/>
  <testcase name="shouldBeAbleToAddTrooperTODatabase()" classname="com.amaap.trainthetroop.repository.impl.InMemoryTrooperRepositoryTest" time="0.011"/>
  <system-out><![CDATA[]]></system-out>
  <system-err><![CDATA[]]></system-err>
</testsuite>
