<?xml version="1.0" encoding="UTF-8"?>
<testsuite name="com.amaap.trainthetroop.controller.TrooperControllerTest" tests="1" skipped="0" failures="0" errors="0" timestamp="2024-05-18T10:00:07" hostname="DESKTOP-GUO1275" time="0.621">
  <properties/>
  <testcase name="shouldBeAbleToGetTroopersOfSpecifiedCount()" classname="com.amaap.trainthetroop.controller.TrooperControllerTest" time="0.621"/>
  <system-out><![CDATA[]]></system-out>
  <system-err><![CDATA[]]></system-err>
</testsuite>
