<?xml version="1.0" encoding="UTF-8"?>
<testsuite name="com.amaap.trainthetroop.controller.ArmyCampControllerTest" tests="2" skipped="0" failures="0" errors="0" timestamp="2024-05-18T09:43:49" hostname="DESKTOP-GUO1275" time="0.6">
  <properties/>
  <testcase name="shouldBeAbleToGetCountOfSpecificTypeOfTrooperFromArmyCamp()" classname="com.amaap.trainthetroop.controller.ArmyCampControllerTest" time="0.588"/>
  <testcase name="shouldBeAbleToAddTrooperToArmyCamp()" classname="com.amaap.trainthetroop.controller.ArmyCampControllerTest" time="0.009"/>
  <system-out><![CDATA[]]></system-out>
  <system-err><![CDATA[]]></system-err>
</testsuite>
