<?xml version="1.0" encoding="UTF-8"?>
<testsuite name="com.amaap.trainthetroop.repository.db.impl.FakeInMemoryDatabaseTest" tests="5" skipped="0" failures="0" errors="0" timestamp="2024-05-18T10:47:47" hostname="DESKTOP-GUO1275" time="0.668">
  <properties/>
  <testcase name="shouldBeAbleToGetCountOfSpecificTypeOfTrooper()" classname="com.amaap.trainthetroop.repository.db.impl.FakeInMemoryDatabaseTest" time="0.6"/>
  <testcase name="shouldBeAbleToAddTrooperToDatabase()" classname="com.amaap.trainthetroop.repository.db.impl.FakeInMemoryDatabaseTest" time="0.014"/>
  <testcase name="shouldBeAbleToGetTroopersOfSpecifiedCount()" classname="com.amaap.trainthetroop.repository.db.impl.FakeInMemoryDatabaseTest" time="0.012"/>
  <testcase name="shouldBeAbleToAddTrooperToArmyCamp()" classname="com.amaap.trainthetroop.repository.db.impl.FakeInMemoryDatabaseTest" time="0.008"/>
  <testcase name="shouldBeAbleToAddTroopersToBarracks()" classname="com.amaap.trainthetroop.repository.db.impl.FakeInMemoryDatabaseTest" time="0.013"/>
  <system-out><![CDATA[]]></system-out>
  <system-err><![CDATA[]]></system-err>
</testsuite>
