<?xml version="1.0" encoding="UTF-8"?>
<testsuite name="com.amaap.trainthetroop.repository.db.impl.FakeInMemoryDatabaseTest" tests="2" skipped="0" failures="0" errors="0" timestamp="2024-05-18T10:05:57" hostname="DESKTOP-GUO1275" time="0.604">
  <properties/>
  <testcase name="shouldBeAbleToGetTroopersOfSpecifiedCount()" classname="com.amaap.trainthetroop.repository.db.impl.FakeInMemoryDatabaseTest" time="0.591"/>
  <testcase name="shouldBeAbleToAddTrooperTODatabase()" classname="com.amaap.trainthetroop.repository.db.impl.FakeInMemoryDatabaseTest" time="0.01"/>
  <system-out><![CDATA[]]></system-out>
  <system-err><![CDATA[]]></system-err>
</testsuite>
