<?xml version="1.0" encoding="UTF-8"?>
<testsuite name="com.amaap.trainthetroop.domain.model.entity.TrooperTest" tests="5" skipped="0" failures="0" errors="0" timestamp="2024-05-17T07:13:51" hostname="DESKTOP-GUO1275" time="0.117">
  <properties/>
  <testcase name="shouldThrowInvalidTrooperWeaponExceptionIfTrooperWeaponIsEmpty()" classname="com.amaap.trainthetroop.domain.model.entity.TrooperTest" time="0.042"/>
  <testcase name="shouldBeAbleToCreateTheTrooperOfTypeArcher()" classname="com.amaap.trainthetroop.domain.model.entity.TrooperTest" time="0.006"/>
  <testcase name="shouldThrowInvalidTrooperWeaponExceptionIfTrooperWeaponIsNull()" classname="com.amaap.trainthetroop.domain.model.entity.TrooperTest" time="0.015"/>
  <testcase name="shouldThrowInvalidTrainingCostExceptionIfTrainingCostIsNotValid()" classname="com.amaap.trainthetroop.domain.model.entity.TrooperTest" time="0.019"/>
  <testcase name="shouldThrowInvalidTrainingTimeExceptionIfTrainingTimeIsNotValid()" classname="com.amaap.trainthetroop.domain.model.entity.TrooperTest" time="0.006"/>
  <system-out><![CDATA[]]></system-out>
  <system-err><![CDATA[]]></system-err>
</testsuite>
