<?xml version="1.0" encoding="UTF-8"?>
<testsuite name="com.amaap.trainthetroop.service.TrooperServiceTest" tests="1" skipped="0" failures="0" errors="0" timestamp="2024-05-17T16:49:31" hostname="DESKTOP-GUO1275" time="0.27">
  <properties/>
  <testcase name="shouldBeAbleToGetTroopersOfSpecifiedCount()" classname="com.amaap.trainthetroop.service.TrooperServiceTest" time="0.27"/>
  <system-out><![CDATA[Hii
Hii
Hii
Hii
Hii
Hii
Hii
Hii
Hii
Hii
]]></system-out>
  <system-err><![CDATA[]]></system-err>
</testsuite>
