<?xml version="1.0" encoding="UTF-8"?>
<testsuite name="com.amaap.trainthetroop.repository.impl.InMemoryBarracksRepositoryTest" tests="2" skipped="0" failures="0" errors="0" timestamp="2024-05-18T10:36:42" hostname="DESKTOP-GUO1275" time="0.597">
  <properties/>
  <testcase name="shouldBeAbleToAddTroopersIntoBarrackForTraining()" classname="com.amaap.trainthetroop.repository.impl.InMemoryBarracksRepositoryTest" time="0.585"/>
  <testcase name="shouldBeAbleToGetTroopersWaitingInQueueToTrain()" classname="com.amaap.trainthetroop.repository.impl.InMemoryBarracksRepositoryTest" time="0.008"/>
  <system-out><![CDATA[]]></system-out>
  <system-err><![CDATA[]]></system-err>
</testsuite>
