<?xml version="1.0" encoding="UTF-8"?>
<testsuite name="com.amaap.trainthetroop.trooptrainer.validators.test.TroopDataValidatorTest" tests="2" skipped="0" failures="0" errors="0" timestamp="2024-03-23T14:43:12" hostname="DESKTOP-GUO1275" time="0.029">
  <properties/>
  <testcase name="shouldAbleToThrowTroopNotAllowedExceptionWhenTrooptypeIsOtherThanArcherAndBarbarian()" classname="com.amaap.trainthetroop.trooptrainer.validators.test.TroopDataValidatorTest" time="0.024"/>
  <testcase name="shouldAbleToThrowExceptionNullTroopTypeExceptionWhenTroopTypeIsNull()" classname="com.amaap.trainthetroop.trooptrainer.validators.test.TroopDataValidatorTest" time="0.002"/>
  <system-out><![CDATA[]]></system-out>
  <system-err><![CDATA[]]></system-err>
</testsuite>
