<?xml version="1.0" encoding="UTF-8"?>
<testsuite name="com.amaap.trainthetroop.domain.test.BarracksTest" tests="1" skipped="0" failures="0" errors="0" timestamp="2024-03-23T17:40:33" hostname="DESKTOP-GUO1275" time="0.022">
  <properties/>
  <testcase name="shouldAbleToSetMaximumSeatCapacityOfBarracks()" classname="com.amaap.trainthetroop.domain.test.BarracksTest" time="0.022"/>
  <system-out><![CDATA[]]></system-out>
  <system-err><![CDATA[]]></system-err>
</testsuite>
