<?xml version="1.0" encoding="UTF-8"?>
<testsuite name="com.amaap.trainthetroop.domain.BarracksTest" tests="1" skipped="0" failures="0" errors="0" timestamp="2024-03-24T12:35:14" hostname="DESKTOP-GUO1275" time="0.037">
  <properties/>
  <testcase name="shouldAbleToTrainTheOfNumberTroopsLessThanBarracksMaxSize()" classname="com.amaap.trainthetroop.domain.BarracksTest" time="0.037"/>
  <system-out><![CDATA[]]></system-out>
  <system-err><![CDATA[]]></system-err>
</testsuite>
