<?xml version="1.0" encoding="UTF-8"?>
<testsuite name="com.amaap.trooptrainer.TroopTest" tests="1" skipped="0" failures="0" errors="0" timestamp="2024-03-23T12:26:39" hostname="DESKTOP-GUO1275" time="0.031">
  <properties/>
  <testcase name="shouldAbleToCreateTroopWithGivenDetails()" classname="com.amaap.trooptrainer.TroopTest" time="0.031"/>
  <system-out><![CDATA[]]></system-out>
  <system-err><![CDATA[]]></system-err>
</testsuite>
