<?xml version="1.0" encoding="UTF-8"?>
<testsuite name="com.amaap.trainthetroop.domain.BarracksTest" tests="2" skipped="0" failures="0" errors="0" timestamp="2024-03-24T14:14:11" hostname="DESKTOP-GUO1275" time="0.028">
  <properties/>
  <testcase name="shouldAbleToThrowBarracksFullExceptionWhenTheNumberOfTroopsToTrainIsMoreThanBarracksMaxSize()" classname="com.amaap.trainthetroop.domain.BarracksTest" time="0.023"/>
  <testcase name="shouldAbleToTrainWhenNumberOfTroopsLessThanBarracksMaxSize()" classname="com.amaap.trainthetroop.domain.BarracksTest" time="0.002"/>
  <system-out><![CDATA[]]></system-out>
  <system-err><![CDATA[]]></system-err>
</testsuite>
